{"/Users/ilyasevrugin/study/typescriptapp/src/server/sum.ts": {"path":"/Users/ilyasevrugin/study/typescriptapp/src/server/sum.ts","statementMap":{"0":{"start":{"line":1,"column":13},"end":{"line":1,"column":76}},"1":{"start":{"line":1,"column":39},"end":{"line":1,"column":75}},"2":{"start":{"line":1,"column":62},"end":{"line":1,"column":71}}},"fnMap":{"0":{"name":"(anonymous_0)","decl":{"start":{"line":1,"column":19},"end":{"line":1,"column":20}},"loc":{"start":{"line":1,"column":39},"end":{"line":1,"column":75}}},"1":{"name":"(anonymous_1)","decl":{"start":{"line":1,"column":48},"end":{"line":1,"column":49}},"loc":{"start":{"line":1,"column":62},"end":{"line":1,"column":71}}}},"branchMap":{},"s":{"0":1,"1":2,"2":2},"f":{"0":2,"1":2},"b":{}}
}
